
Welcome to React Native v0.84
Starting dev server on http://localhost:8081


                        ‚Ėí‚Ėí‚Ėď‚Ėď‚Ėď‚Ėď‚Ėí‚Ėí
                     ‚Ėí‚Ėď‚Ėď‚Ėď‚Ėí‚Ėí‚ĖĎ‚ĖĎ‚Ėí‚Ėí‚Ėď‚Ėď‚Ėď‚Ėí
                  ‚Ėí‚Ėď‚Ėď‚Ėď‚Ėď‚ĖĎ‚ĖĎ‚ĖĎ‚Ėí‚Ėí‚Ėí‚Ėí‚ĖĎ‚ĖĎ‚ĖĎ‚Ėď‚Ėď‚Ėď‚Ėď‚Ėí
                 ‚Ėď‚Ėď‚Ėí‚Ėí‚Ėí‚Ėď‚Ėď‚Ėď‚Ėď‚Ėď‚Ėď‚Ėď‚Ėď‚Ėď‚Ėď‚Ėď‚Ėď‚Ėí‚Ėí‚Ėí‚Ėď‚Ėď
                 ‚Ėď‚Ėď‚ĖĎ‚ĖĎ‚ĖĎ‚ĖĎ‚ĖĎ‚Ėí‚Ėď‚Ėď‚Ėď‚Ėď‚Ėď‚Ėď‚Ėí‚ĖĎ‚ĖĎ‚ĖĎ‚ĖĎ‚ĖĎ‚Ėď‚Ėď
                 ‚Ėď‚Ėď‚ĖĎ‚ĖĎ‚Ėď‚Ėď‚Ėí‚ĖĎ‚ĖĎ‚ĖĎ‚Ėí‚Ėí‚ĖĎ‚ĖĎ‚ĖĎ‚Ėí‚Ėď‚Ėí‚ĖĎ‚ĖĎ‚Ėď‚Ėď
                 ‚Ėď‚Ėď‚ĖĎ‚ĖĎ‚Ėď‚Ėď‚Ėď‚Ėď‚Ėď‚Ėí‚Ėí‚Ėí‚Ėí‚Ėď‚Ėď‚Ėď‚Ėď‚Ėí‚ĖĎ‚ĖĎ‚Ėď‚Ėď
                 ‚Ėď‚Ėď‚ĖĎ‚ĖĎ‚Ėď‚Ėď‚Ėď‚Ėď‚Ėď‚Ėď‚Ėď‚Ėď‚Ėď‚Ėď‚Ėď‚Ėď‚Ėď‚Ėí‚ĖĎ‚ĖĎ‚Ėď‚Ėď
                 ‚Ėď‚Ėď‚Ėí‚ĖĎ‚ĖĎ‚Ėí‚Ėí‚Ėď‚Ėď‚Ėď‚Ėď‚Ėď‚Ėď‚Ėď‚Ėď‚Ėí‚ĖĎ‚ĖĎ‚ĖĎ‚Ėí‚Ėď‚Ėď
                  ‚Ėí‚Ėď‚Ėď‚Ėď‚Ėí‚ĖĎ‚ĖĎ‚ĖĎ‚Ėí‚Ėď‚Ėď‚Ėí‚ĖĎ‚ĖĎ‚ĖĎ‚Ėí‚Ėď‚Ėď‚Ėď‚Ėí
                     ‚Ėí‚Ėď‚Ėď‚Ėď‚Ėí‚ĖĎ‚ĖĎ‚ĖĎ‚ĖĎ‚Ėí‚Ėď‚Ėď‚Ėď‚Ėí
                        ‚Ėí‚Ėí‚Ėď‚Ėď‚Ėď‚Ėď‚Ėí‚Ėí


                Welcome to Metro v0.83.6
              Fast - Scalable - Integrated


 INFO  Dev server ready. Press Ctrl+C to exit.
 INFO  Key commands available:

   r  - reload app(s)
   d  - open Dev Menu
   j  - open DevTools

 BUNDLE  ..\Users\Iyed Hmida\Downloads\datawarehouse_projects\Wi\restored_project/index.js ‚ĖĎ‚ĖĎ‚ĖĎ‚ĖĎ‚ĖĎ‚ĖĎ‚ĖĎ‚ĖĎ‚ĖĎ‚ĖĎ‚ĖĎ‚ĖĎ‚ĖĎ‚ĖĎ‚ĖĎ‚ĖĎ 0% (0/1)
 BUNDLE  ..\Users\Iyed Hmida\Downloads\datawarehouse_projects\Wi\restored_project/index.js ‚Ėď‚Ėď‚ĖĎ‚ĖĎ‚ĖĎ‚ĖĎ‚ĖĎ‚ĖĎ‚ĖĎ‚ĖĎ‚ĖĎ‚ĖĎ‚ĖĎ‚ĖĎ‚ĖĎ‚ĖĎ 16% (16/114)
 BUNDLE  ..\Users\Iyed Hmida\Downloads\datawarehouse_projects\Wi\restored_project/index.js ‚Ėď‚Ėď‚Ėď‚Ėď‚ĖĎ‚ĖĎ‚ĖĎ‚ĖĎ‚ĖĎ‚ĖĎ‚ĖĎ‚ĖĎ‚ĖĎ‚ĖĎ‚ĖĎ‚ĖĎ 27% (142/284)
 BUNDLE  ..\Users\Iyed Hmida\Downloads\datawarehouse_projects\Wi\restored_project/index.js ‚Ėď‚Ėď‚Ėď‚Ėď‚Ėď‚Ėď‚Ėď‚Ėď‚ĖĎ‚ĖĎ‚ĖĎ‚ĖĎ‚ĖĎ‚ĖĎ‚ĖĎ‚ĖĎ 55% (304/409)
 BUNDLE  ..\Users\Iyed Hmida\Downloads\datawarehouse_projects\Wi\restored_project/index.js ‚Ėď‚Ėď‚Ėď‚Ėď‚Ėď‚Ėď‚Ėď‚Ėď‚Ėď‚Ėď‚Ėď‚Ėď‚Ėď‚ĖĎ‚ĖĎ‚ĖĎ 81% (456/507)
 BUNDLE  ..\Users\Iyed Hmida\Downloads\datawarehouse_projects\Wi\restored_project/index.js ‚Ėď‚Ėď‚Ėď‚Ėď‚Ėď‚Ėď‚Ėď‚Ėď‚Ėď‚Ėď‚Ėď‚Ėď‚Ėď‚Ėď‚Ėď‚ĖĎ 94% (532/548)
 BUNDLE  ..\Users\Iyed Hmida\Downloads\datawarehouse_projects\Wi\restored_project/index.js ‚Ėď‚Ėď‚Ėď‚Ėď‚Ėď‚Ėď‚Ėď‚Ėď‚Ėď‚Ėď‚Ėď‚Ėď‚Ėď‚Ėď‚Ėď‚ĖĎ 97% (612/645)
 BUNDLE  ..\Users\Iyed Hmida\Downloads\datawarehouse_projects\Wi\restored_project/index.js ‚Ėď‚Ėď‚Ėď‚Ėď‚Ėď‚Ėď‚Ėď‚Ėď‚Ėď‚Ėď‚Ėď‚Ėď‚Ėď‚Ėď‚Ėď‚ĖĎ 99% (658/659)
 BUNDLE  ..\Users\Iyed Hmida\Downloads\datawarehouse_projects\Wi\restored_project/index.js 
